0 info it worked if it ends with ok
1 verbose cli [ 'C:\\Program Files\\nodejs\\\\node.exe',
1 verbose cli   'C:\\Program Files\\nodejs\\node_modules\\npm\\bin\\npm-cli.js',
1 verbose cli   'install' ]
2 info using npm@1.4.28
3 info using node@v0.10.33
4 verbose node symlink C:\Program Files\nodejs\\node.exe
5 warn package.json erafree@0.1.0 No repository field.
6 verbose readDependencies using package.json deps
7 verbose install where, deps [ 'd:\\Work\\AppServ\\www\\erafree',
7 verbose install   [ 'grunt',
7 verbose install     'grunt-contrib-less',
7 verbose install     'grunt-contrib-watch',
7 verbose install     'grunt-serve',
7 verbose install     'grunt-php',
7 verbose install     'grunt-browser-sync',
7 verbose install     'load-grunt-tasks' ] ]
8 info preinstall erafree@0.1.0
9 verbose readDependencies using package.json deps
10 verbose already installed skipping grunt@^0.4.5 d:\Work\AppServ\www\erafree
11 verbose already installed skipping grunt-contrib-less@^1.0.0 d:\Work\AppServ\www\erafree
12 verbose already installed skipping grunt-contrib-watch@^0.6.1 d:\Work\AppServ\www\erafree
13 verbose already installed skipping grunt-serve@^0.1.6 d:\Work\AppServ\www\erafree
14 verbose already installed skipping grunt-php@^0.4.0 d:\Work\AppServ\www\erafree
15 verbose cache add [ 'grunt-browser-sync@^2.0.0-rc2', null ]
16 verbose cache add name=undefined spec="grunt-browser-sync@^2.0.0-rc2" args=["grunt-browser-sync@^2.0.0-rc2",null]
17 verbose parsed url { protocol: null,
17 verbose parsed url   slashes: null,
17 verbose parsed url   auth: null,
17 verbose parsed url   host: null,
17 verbose parsed url   port: null,
17 verbose parsed url   hostname: null,
17 verbose parsed url   hash: null,
17 verbose parsed url   search: null,
17 verbose parsed url   query: null,
17 verbose parsed url   pathname: 'grunt-browser-sync@^2.0.0-rc2',
17 verbose parsed url   path: 'grunt-browser-sync@^2.0.0-rc2',
17 verbose parsed url   href: 'grunt-browser-sync@^2.0.0-rc2' }
18 verbose already installed skipping load-grunt-tasks@^0.4.0 d:\Work\AppServ\www\erafree
19 verbose cache add name="grunt-browser-sync" spec="^2.0.0-rc2" args=["grunt-browser-sync","^2.0.0-rc2"]
20 verbose parsed url { protocol: null,
20 verbose parsed url   slashes: null,
20 verbose parsed url   auth: null,
20 verbose parsed url   host: null,
20 verbose parsed url   port: null,
20 verbose parsed url   hostname: null,
20 verbose parsed url   hash: null,
20 verbose parsed url   search: null,
20 verbose parsed url   query: null,
20 verbose parsed url   pathname: '^2.0.0-rc2',
20 verbose parsed url   path: '^2.0.0-rc2',
20 verbose parsed url   href: '^2.0.0-rc2' }
21 verbose addNamed [ 'grunt-browser-sync', '^2.0.0-rc2' ]
22 verbose addNamed [ null, '>=2.0.0-rc2 <3.0.0-0' ]
23 silly lockFile 17acd196-grunt-browser-sync-2-0-0-rc2 grunt-browser-sync@^2.0.0-rc2
24 verbose lock grunt-browser-sync@^2.0.0-rc2 C:\Users\user\AppData\Roaming\npm-cache\17acd196-grunt-browser-sync-2-0-0-rc2.lock
25 silly addNameRange { name: 'grunt-browser-sync',
25 silly addNameRange   range: '>=2.0.0-rc2 <3.0.0-0',
25 silly addNameRange   hasData: false }
26 verbose request where is /grunt-browser-sync
27 verbose request registry https://registry.npmjs.org/
28 verbose request id c017663c0bbdf892
29 verbose url raw /grunt-browser-sync
30 verbose url resolving [ 'https://registry.npmjs.org/', './grunt-browser-sync' ]
31 verbose url resolved https://registry.npmjs.org/grunt-browser-sync
32 verbose request where is https://registry.npmjs.org/grunt-browser-sync
33 info trying registry request attempt 1 at 17:30:09
34 http GET https://registry.npmjs.org/grunt-browser-sync
35 http 200 https://registry.npmjs.org/grunt-browser-sync
36 silly registry.get cb [ 200,
36 silly registry.get   { date: 'Sat, 07 Feb 2015 14:30:10 GMT',
36 silly registry.get     server: 'CouchDB/1.5.0 (Erlang OTP/R16B03)',
36 silly registry.get     etag: '"EY53CNKLK2XW1I2W25AUPWQID"',
36 silly registry.get     'content-type': 'application/json',
36 silly registry.get     'cache-control': 'max-age=60',
36 silly registry.get     'content-length': '79131',
36 silly registry.get     'accept-ranges': 'bytes',
36 silly registry.get     via: '1.1 varnish',
36 silly registry.get     age: '0',
36 silly registry.get     'x-served-by': 'cache-lcy1135-LCY',
36 silly registry.get     'x-cache': 'MISS',
36 silly registry.get     'x-cache-hits': '0',
36 silly registry.get     'x-timer': 'S1423319410.650264,VS0,VE86',
36 silly registry.get     vary: 'Accept',
36 silly registry.get     'keep-alive': 'timeout=10, max=50',
36 silly registry.get     connection: 'Keep-Alive' } ]
37 silly addNameRange number 2 { name: 'grunt-browser-sync',
37 silly addNameRange   range: '>=2.0.0-rc2 <3.0.0-0',
37 silly addNameRange   hasData: true }
38 silly addNameRange versions [ 'grunt-browser-sync',
38 silly addNameRange   [ '0.2.0',
38 silly addNameRange     '0.2.1',
38 silly addNameRange     '0.2.2',
38 silly addNameRange     '0.2.3',
38 silly addNameRange     '0.2.4',
38 silly addNameRange     '0.2.5',
38 silly addNameRange     '0.2.6',
38 silly addNameRange     '0.2.7',
38 silly addNameRange     '0.3.0',
38 silly addNameRange     '0.3.1',
38 silly addNameRange     '0.3.2',
38 silly addNameRange     '0.3.3',
38 silly addNameRange     '0.3.4',
38 silly addNameRange     '0.3.5',
38 silly addNameRange     '0.3.7',
38 silly addNameRange     '0.3.8',
38 silly addNameRange     '0.3.9',
38 silly addNameRange     '0.4.0',
38 silly addNameRange     '0.4.1',
38 silly addNameRange     '0.4.2',
38 silly addNameRange     '0.4.3',
38 silly addNameRange     '0.4.4',
38 silly addNameRange     '0.4.5',
38 silly addNameRange     '0.4.6',
38 silly addNameRange     '0.4.7',
38 silly addNameRange     '0.4.8',
38 silly addNameRange     '0.4.9',
38 silly addNameRange     '0.5.0',
38 silly addNameRange     '0.5.1',
38 silly addNameRange     '0.5.2',
38 silly addNameRange     '0.5.3',
38 silly addNameRange     '0.5.4',
38 silly addNameRange     '0.5.6',
38 silly addNameRange     '0.5.7',
38 silly addNameRange     '0.5.8',
38 silly addNameRange     '0.5.9',
38 silly addNameRange     '0.6.0',
38 silly addNameRange     '0.6.1',
38 silly addNameRange     '0.6.2',
38 silly addNameRange     '0.7.0',
38 silly addNameRange     '0.7.1',
38 silly addNameRange     '0.7.2',
38 silly addNameRange     '0.7.3',
38 silly addNameRange     '0.7.4',
38 silly addNameRange     '0.7.5',
38 silly addNameRange     '0.7.6',
38 silly addNameRange     '0.7.7',
38 silly addNameRange     '0.8.0',
38 silly addNameRange     '0.8.2',
38 silly addNameRange     '0.9.1',
38 silly addNameRange     '1.1.0',
38 silly addNameRange     '1.1.2',
38 silly addNameRange     '1.2.1',
38 silly addNameRange     '1.3.0',
38 silly addNameRange     '1.3.2',
38 silly addNameRange     '1.3.5',
38 silly addNameRange     '1.3.6',
38 silly addNameRange     '1.3.7',
38 silly addNameRange     '1.5.2',
38 silly addNameRange     '1.5.3',
38 silly addNameRange     '1.9.1' ] ]
39 silly lockFile 17acd196-grunt-browser-sync-2-0-0-rc2 grunt-browser-sync@^2.0.0-rc2
40 silly lockFile 17acd196-grunt-browser-sync-2-0-0-rc2 grunt-browser-sync@^2.0.0-rc2
41 error notarget No compatible version found: grunt-browser-sync@'>=2.0.0-rc2 <3.0.0-0'
41 error notarget Valid install targets:
41 error notarget ["0.2.0","0.2.1","0.2.2","0.2.3","0.2.4","0.2.5","0.2.6","0.2.7","0.3.0","0.3.1","0.3.2","0.3.3","0.3.4","0.3.5","0.3.7","0.3.8","0.3.9","0.4.0","0.4.1","0.4.2","0.4.3","0.4.4","0.4.5","0.4.6","0.4.7","0.4.8","0.4.9","0.5.0","0.5.1","0.5.2","0.5.3","0.5.4","0.5.6","0.5.7","0.5.8","0.5.9","0.6.0","0.6.1","0.6.2","0.7.0","0.7.1","0.7.2","0.7.3","0.7.4","0.7.5","0.7.6","0.7.7","0.8.0","0.8.2","0.9.1","1.1.0","1.1.2","1.2.1","1.3.0","1.3.2","1.3.5","1.3.6","1.3.7","1.5.2","1.5.3","1.9.1"]
41 error notarget
41 error notarget This is most likely not a problem with npm itself.
41 error notarget In most cases you or one of your dependencies are requesting
41 error notarget a package version that doesn't exist.
42 error System Windows_NT 6.2.9200
43 error command "C:\\Program Files\\nodejs\\\\node.exe" "C:\\Program Files\\nodejs\\node_modules\\npm\\bin\\npm-cli.js" "install"
44 error cwd d:\Work\AppServ\www\erafree
45 error node -v v0.10.33
46 error npm -v 1.4.28
47 error code ETARGET
48 verbose exit [ 1, true ]
